
Showing logs for build [32mcb-kubecd-bdd-nh-1584371362-pr-495xl-1[0m stage [32mfrom-build-pack[0m and container [32mstep-credential-initializer-nxq7r[0m
{"level":"warn","ts":1584373359.3472483,"logger":"fallback-logger","caller":"logging/config.go:69","msg":"Fetch GitHub commit ID from kodata failed: \"ref: refs/heads/0.8.0-**-support-backwards-incompats\" is not a valid GitHub commit ID"}
{"level":"info","ts":1584373359.3478992,"logger":"fallback-logger","caller":"creds-init/main.go:40","msg":"Credentials initialized."}

Showing logs for build [32mcb-kubecd-bdd-nh-1584371362-pr-495xl-1[0m stage [32mfrom-build-pack[0m and container [32mstep-working-dir-initializer-g9pqs[0m
{"level":"warn","ts":1584373360.3731313,"logger":"fallback-logger","caller":"logging/config.go:69","msg":"Fetch GitHub commit ID from kodata failed: open /var/run/ko/HEAD: no such file or directory"}
{"level":"info","ts":1584373360.3759518,"logger":"fallback-logger","caller":"bash/main.go:64","msg":"Successfully executed command \"sh -c mkdir -p /workspace/source\"; output "}

Showing logs for build [32mcb-kubecd-bdd-nh-1584371362-pr-495xl-1[0m stage [32mfrom-build-pack[0m and container [32mstep-place-tools[0m

Showing logs for build [32mcb-kubecd-bdd-nh-1584371362-pr-495xl-1[0m stage [32mfrom-build-pack[0m and container [32mstep-git-source-cb-kubecd-bdd-nh-1584371362-pr-495xl-2x77x[0m
{"level":"warn","ts":1584373391.629797,"logger":"fallback-logger","caller":"logging/config.go:69","msg":"Fetch GitHub commit ID from kodata failed: \"ref: refs/heads/0.8.0-**-support-backwards-incompats\" is not a valid GitHub commit ID"}
{"level":"info","ts":1584373392.805563,"logger":"fallback-logger","caller":"git/git.go:103","msg":"Successfully cloned https://github.com/cb-kubecd/bdd-nh-1584371362.git @ master in path /workspace/source"}

Showing logs for build [32mcb-kubecd-bdd-nh-1584371362-pr-495xl-1[0m stage [32mfrom-build-pack[0m and container [32mstep-git-merge[0m
Using SHAs from PULL_REFS=master:e3bcba0f8d111b59b5e80fb078cb978d7b1eeddd,1:b64df834281d8f9cce49981855377c495ef82a7c
DEBUG: LC_ALL=C JX_LOG_LEVEL=error git fetch origin --unshallow b64df834281d8f9cce49981855377c495ef82a7c: e3bcba0f8d111b59b5e80fb078cb978d7b1eeddd:
DEBUG: ran git fetch --unshallow origin b64df834281d8f9cce49981855377c495ef82a7c: e3bcba0f8d111b59b5e80fb078cb978d7b1eeddd: in 
DEBUG: LC_ALL=C JX_LOG_LEVEL=error git branch
DEBUG: LC_ALL=C JX_LOG_LEVEL=error git checkout master
DEBUG: ran git checkout master in 
DEBUG: LC_ALL=C JX_LOG_LEVEL=error git reset --hard e3bcba0f8d111b59b5e80fb078cb978d7b1eeddd
DEBUG: ran git reset --hard e3bcba0f8d111b59b5e80fb078cb978d7b1eeddd in 
DEBUG: LC_ALL=C JX_LOG_LEVEL=error git clean -fd .
DEBUG: ran clean --force -d . in 
DEBUG: LC_ALL=C JX_LOG_LEVEL=error git merge b64df834281d8f9cce49981855377c495ef82a7c
DEBUG: ran git merge b64df834281d8f9cce49981855377c495ef82a7c in 
DEBUG: LC_ALL=C JX_LOG_LEVEL=error git log --format=%H%x1f%an%x1f%ae%x1f%cn%x1f%ce%x1f%s%n%b%x1e e3bcba0f8d111b59b5e80fb078cb978d7b1eeddd..HEAD
Merged SHA b64df834281d8f9cce49981855377c495ef82a7c with commit message 'My first PR commit' into base branch master

Showing logs for build [32mcb-kubecd-bdd-nh-1584371362-pr-495xl-1[0m stage [32mfrom-build-pack[0m and container [32mstep-build-npmrc[0m
Command "credential" is deprecated, it will be removed on Jun 1 2020.  This is replaced by Tekton's mounted secrets
WARNING: failed to find Secret npm-token in namespace **

Showing logs for build [32mcb-kubecd-bdd-nh-1584371362-pr-495xl-1[0m stage [32mfrom-build-pack[0m and container [32mstep-build-npm-install[0m
npm notice created a lockfile as package-lock.json. You should commit this file.
npm WARN REPLACE_ME@1.0.0 No repository field.
npm WARN REPLACE_ME@1.0.0 No license field.

up to date in 0.387s
found 0 vulnerabilities


Showing logs for build [32mcb-kubecd-bdd-nh-1584371362-pr-495xl-1[0m stage [32mfrom-build-pack[0m and container [32mstep-build-npm-test[0m

> REPLACE_ME@1.0.0 test /workspace/source
> echo "no test specified" && exit 0

no test specified

Showing logs for build [32mcb-kubecd-bdd-nh-1584371362-pr-495xl-1[0m stage [32mfrom-build-pack[0m and container [32mstep-build-container-build[0m
[36mINFO[0m[0000] Downloading base image node:9-slim           
ERROR: logging before flag.Parse: E0316 15:43:18.561041      10 metadata.go:142] while reading 'google-dockercfg' metadata: http status code: 404 while fetching url http://metadata.google.internal./computeMetadata/v1/instance/attributes/google-dockercfg
ERROR: logging before flag.Parse: E0316 15:43:18.564389      10 metadata.go:159] while reading 'google-dockercfg-url' metadata: http status code: 404 while fetching url http://metadata.google.internal./computeMetadata/v1/instance/attributes/google-dockercfg-url
2020/03/16 15:43:18 No matching credentials were found, falling back on anonymous
[36mINFO[0m[0001] Error while retrieving image from cache: getting file info: stat /workspace/sha256:0e0175bbe4f8d9d104590d8d2c591017874e30977cb71aaff1cf6fa99479575c: no such file or directory 
[36mINFO[0m[0001] Downloading base image node:9-slim           
2020/03/16 15:43:19 No matching credentials were found, falling back on anonymous
[36mINFO[0m[0004] Executing 0 build triggers                   
[36mINFO[0m[0004] cmd: EXPOSE                                  
[36mINFO[0m[0004] Adding exposed port: 8080/tcp                
[36mINFO[0m[0004] Using files from context: [/workspace/source] 
[36mINFO[0m[0004] Skipping unpacking as no commands require it. 
[36mINFO[0m[0004] Taking snapshot of full filesystem...        
[36mINFO[0m[0004] ENV PORT 8080                                
[36mINFO[0m[0004] No files changed in this command, skipping snapshotting. 
[36mINFO[0m[0004] EXPOSE 8080                                  
[36mINFO[0m[0004] cmd: EXPOSE                                  
[36mINFO[0m[0004] Adding exposed port: 8080/tcp                
[36mINFO[0m[0004] No files changed in this command, skipping snapshotting. 
[36mINFO[0m[0004] WORKDIR /usr/src/app                         
[36mINFO[0m[0004] cmd: workdir                                 
[36mINFO[0m[0004] Changed working directory to /usr/src/app    
[36mINFO[0m[0004] Creating directory /usr/src/app              
[36mINFO[0m[0004] Taking snapshot of files...                  
[36mINFO[0m[0004] Using files from context: [/workspace/source] 
[36mINFO[0m[0004] COPY . .                                     
[36mINFO[0m[0004] Taking snapshot of files...                  
[36mINFO[0m[0004] CMD ["npm", "start"]                         
[36mINFO[0m[0004] No files changed in this command, skipping snapshotting. 
2020/03/16 15:43:23 existing blob: sha256:a88538b9cd05cfa611e43a25582a95ad7879f6fa708b0386a26b71ee62235bb3
2020/03/16 15:43:23 existing blob: sha256:196b8e3c919d5639193ba6c6e54774528942041bbc37606631a2250502985c3c
2020/03/16 15:43:23 existing blob: sha256:e01bd28a434b56ffd2a3fe9aa99b9b69aecca69904843edd30b1ee7150d79904
2020/03/16 15:43:23 existing blob: sha256:5bba3ecb4cd6374a19da45f2a3db0a9c0804984358b3bb4b666c28944016e5ff
2020/03/16 15:43:23 existing blob: sha256:7d083412657baa2dafba8d093034ef26f9ed2c90fb6ed95f76bb55aff03ed429
2020/03/16 15:43:26 pushed blob: sha256:5fdbd2bcb3d536705b554b88805be5f305b42ad01d950e3cd6611cb115ec9f7a
2020/03/16 15:43:26 pushed blob: sha256:9d75c58722775c61babce01b64afc4d289c7785176e89e42163feb38bcfa6f80
2020/03/16 15:43:26 pushed blob: sha256:62ee3325881ac3def7e2b560ea88ace6da975e1c43fd0bf3bf2f7b4c73f448a3
2020/03/16 15:43:28 gcr.io/jenkins-x-bdd3/bdd-nh-1584371362:0.0.0-SNAPSHOT-PR-1-1: digest: sha256:7615b53a1cedee9f46b66d83fa4466e01a418e23a5b482adb3f85351be04b679 size: 1404

Showing logs for build [32mcb-kubecd-bdd-nh-1584371362-pr-495xl-1[0m stage [32mfrom-build-pack[0m and container [32mstep-postbuild-post-build[0m
no CVE provider running in the current ** namespace so skip adding image to be analysed

Showing logs for build [32mcb-kubecd-bdd-nh-1584371362-pr-495xl-1[0m stage [32mfrom-build-pack[0m and container [32mstep-promote-make-preview[0m
sed -i -e "s/version:.*/version: 0.0.0-SNAPSHOT-PR-1-1/" Chart.yaml
sed -i -e "s/version:.*/version: 0.0.0-SNAPSHOT-PR-1-1/" ../*/Chart.yaml
sed -i -e "s|repository:.*|repository: gcr.io\/jenkins-x-bdd3\/bdd-nh-1584371362|" values.yaml
sed -i -e "s/tag:.*/tag: 0.0.0-SNAPSHOT-PR-1-1/" values.yaml
echo "  version: 0.0.0-SNAPSHOT-PR-1-1" >> requirements.yaml
** step helm build
WARNING: No $CHART_REPOSITORY defined so using the default value of: http://jenkins-x-chartmuseum:8080
Adding missing Helm repo: storage.googleapis.com https://storage.googleapis.com/chartmuseum.jenkins-x.io
WARNING: No secrets found on "helm/repos" due: reading the secret "helm/repos" from vault: no secret "helm/repos" not found in vault
Read credentials for https://storage.googleapis.com/chartmuseum.jenkins-x.io from vault helm/repos
Successfully added Helm repository storage.googleapis.com.
Adding missing Helm repo: jenkins-x-chartmuseum http://jenkins-x-chartmuseum:8080
WARNING: No secrets found on "helm/repos" due: reading the secret "helm/repos" from vault: no secret "helm/repos" not found in vault
Read credentials for http://jenkins-x-chartmuseum:8080 from vault helm/repos
Successfully added Helm repository jenkins-x-chartmuseum.
WARNING: No $CHART_REPOSITORY defined so using the default value of: http://jenkins-x-chartmuseum:8080
Adding missing Helm repo: chartmuseum.jenkins-x.io http://chartmuseum.jenkins-x.io
WARNING: No secrets found on "helm/repos" due: reading the secret "helm/repos" from vault: no secret "helm/repos" not found in vault
Read credentials for http://chartmuseum.jenkins-x.io from vault helm/repos
Successfully added Helm repository chartmuseum.jenkins-x.io.

Showing logs for build [32mcb-kubecd-bdd-nh-1584371362-pr-495xl-1[0m stage [32mfrom-build-pack[0m and container [32mstep-promote-jx-preview[0m
Creating a preview
Created environment cb-kubecd-bdd-nh-1584371362-pr-1
Namespace **-cb-kubecd-bdd-nh-1584371362-pr-1 created 
expose:
  Annotations:
    helm.sh/hook: post-install,post-upgrade
    helm.sh/hook-delete-policy: hook-succeeded
  config:
    domain: 35.233.110.132.nip.io
    exposer: Ingress
    http: "true"
preview:
  image:
    repository: gcr.io/jenkins-x-bdd3/bdd-nh-1584371362
    tag: 0.0.0-SNAPSHOT-PR-1-1

Updating PipelineActivities cb-kubecd-bdd-nh-1584371362-pr-1-1 which has status Running
WARNING: preview application http://bdd-nh-1584371362.**-cb-kubecd-bdd-nh-1584371362-pr-1.35.233.110.132.nip.io not available, error was 503 503 Service Temporarily Unavailable, delaying for: 958.442479ms
WARNING: preview application http://bdd-nh-1584371362.**-cb-kubecd-bdd-nh-1584371362-pr-1.35.233.110.132.nip.io not available, error was 503 503 Service Temporarily Unavailable, delaying for: 2.018749181s
WARNING: preview application http://bdd-nh-1584371362.**-cb-kubecd-bdd-nh-1584371362-pr-1.35.233.110.132.nip.io not available, error was 503 503 Service Temporarily Unavailable, delaying for: 1.681799867s
WARNING: preview application http://bdd-nh-1584371362.**-cb-kubecd-bdd-nh-1584371362-pr-1.35.233.110.132.nip.io not available, error was 503 503 Service Temporarily Unavailable, delaying for: 4.43608161s
Preview application is now available at: http://bdd-nh-1584371362.**-cb-kubecd-bdd-nh-1584371362-pr-1.35.233.110.132.nip.io
